<?xml version='1.1' encoding='UTF-8'?>
<result plugin="junit@1265.v65b_14fa_f12f0">
  <suites>
    <suite>
      <file>/var/lib/jenkins/workspace/labs_03_petclinik/target/surefire-reports/TEST-org.springframework.samples.petclinic.PetclinicIntegrationTests.xml</file>
      <name>org.springframework.samples.petclinic.PetclinicIntegrationTests</name>
      <duration>22.571</duration>
      <startTime>-1</startTime>
      <properties/>
      <time>22.571</time>
      <enclosingBlocks/>
      <enclosingBlockNames/>
      <cases>
        <case>
          <duration>0.664</duration>
          <startTime>-1</startTime>
          <className>org.springframework.samples.petclinic.PetclinicIntegrationTests</className>
          <testName>testFindAll</testName>
          <skipped>false</skipped>
          <properties/>
          <failedSince>0</failedSince>
        </case>
      </cases>
    </suite>
    <suite>
      <file>/var/lib/jenkins/workspace/labs_03_petclinik/target/surefire-reports/TEST-org.springframework.samples.petclinic.model.ValidatorTests.xml</file>
      <name>org.springframework.samples.petclinic.model.ValidatorTests</name>
      <duration>0.07</duration>
      <startTime>-1</startTime>
      <properties/>
      <time>0.07</time>
      <enclosingBlocks/>
      <enclosingBlockNames/>
      <cases>
        <case>
          <duration>0.069</duration>
          <startTime>-1</startTime>
          <className>org.springframework.samples.petclinic.model.ValidatorTests</className>
          <testName>shouldNotValidateWhenFirstNameEmpty</testName>
          <skipped>false</skipped>
          <properties/>
          <failedSince>0</failedSince>
        </case>
      </cases>
    </suite>
    <suite>
      <file>/var/lib/jenkins/workspace/labs_03_petclinik/target/surefire-reports/TEST-org.springframework.samples.petclinic.owner.OwnerControllerTests.xml</file>
      <name>org.springframework.samples.petclinic.owner.OwnerControllerTests</name>
      <duration>2.247</duration>
      <startTime>-1</startTime>
      <properties/>
      <time>2.247</time>
      <enclosingBlocks/>
      <enclosingBlockNames/>
      <cases>
        <case>
          <duration>0.241</duration>
          <startTime>-1</startTime>
          <className>org.springframework.samples.petclinic.owner.OwnerControllerTests</className>
          <testName>testProcessUpdateOwnerFormHasErrors</testName>
          <skipped>false</skipped>
          <properties/>
          <failedSince>0</failedSince>
        </case>
        <case>
          <duration>0.015</duration>
          <startTime>-1</startTime>
          <className>org.springframework.samples.petclinic.owner.OwnerControllerTests</className>
          <testName>testProcessCreationFormSuccess</testName>
          <skipped>false</skipped>
          <properties/>
          <failedSince>0</failedSince>
        </case>
        <case>
          <duration>0.07</duration>
          <startTime>-1</startTime>
          <className>org.springframework.samples.petclinic.owner.OwnerControllerTests</className>
          <testName>testInitFindForm</testName>
          <skipped>false</skipped>
          <properties/>
          <failedSince>0</failedSince>
        </case>
        <case>
          <duration>0.136</duration>
          <startTime>-1</startTime>
          <className>org.springframework.samples.petclinic.owner.OwnerControllerTests</className>
          <testName>testShowOwner</testName>
          <skipped>false</skipped>
          <properties/>
          <failedSince>0</failedSince>
        </case>
        <case>
          <duration>0.054</duration>
          <startTime>-1</startTime>
          <className>org.springframework.samples.petclinic.owner.OwnerControllerTests</className>
          <testName>testInitUpdateOwnerForm</testName>
          <skipped>false</skipped>
          <properties/>
          <failedSince>0</failedSince>
        </case>
        <case>
          <duration>0.048</duration>
          <startTime>-1</startTime>
          <className>org.springframework.samples.petclinic.owner.OwnerControllerTests</className>
          <testName>testInitCreationForm</testName>
          <skipped>false</skipped>
          <properties/>
          <failedSince>0</failedSince>
        </case>
        <case>
          <duration>0.016</duration>
          <startTime>-1</startTime>
          <className>org.springframework.samples.petclinic.owner.OwnerControllerTests</className>
          <testName>testProcessFindFormByLastName</testName>
          <skipped>false</skipped>
          <properties/>
          <failedSince>0</failedSince>
        </case>
        <case>
          <duration>0.039</duration>
          <startTime>-1</startTime>
          <className>org.springframework.samples.petclinic.owner.OwnerControllerTests</className>
          <testName>testProcessFindFormNoOwnersFound</testName>
          <skipped>false</skipped>
          <properties/>
          <failedSince>0</failedSince>
        </case>
        <case>
          <duration>0.06</duration>
          <startTime>-1</startTime>
          <className>org.springframework.samples.petclinic.owner.OwnerControllerTests</className>
          <testName>testProcessFindFormSuccess</testName>
          <skipped>false</skipped>
          <properties/>
          <failedSince>0</failedSince>
        </case>
        <case>
          <duration>0.016</duration>
          <startTime>-1</startTime>
          <className>org.springframework.samples.petclinic.owner.OwnerControllerTests</className>
          <testName>testProcessUpdateOwnerFormSuccess</testName>
          <skipped>false</skipped>
          <properties/>
          <failedSince>0</failedSince>
        </case>
        <case>
          <duration>0.039</duration>
          <startTime>-1</startTime>
          <className>org.springframework.samples.petclinic.owner.OwnerControllerTests</className>
          <testName>testProcessCreationFormHasErrors</testName>
          <skipped>false</skipped>
          <properties/>
          <failedSince>0</failedSince>
        </case>
      </cases>
    </suite>
    <suite>
      <file>/var/lib/jenkins/workspace/labs_03_petclinik/target/surefire-reports/TEST-org.springframework.samples.petclinic.owner.PetControllerTests.xml</file>
      <name>org.springframework.samples.petclinic.owner.PetControllerTests</name>
      <duration>4.043</duration>
      <startTime>-1</startTime>
      <properties/>
      <time>4.043</time>
      <enclosingBlocks/>
      <enclosingBlockNames/>
      <cases>
        <case>
          <duration>0.339</duration>
          <startTime>-1</startTime>
          <className>org.springframework.samples.petclinic.owner.PetControllerTests</className>
          <testName>testProcessCreationFormSuccess</testName>
          <skipped>false</skipped>
          <properties/>
          <failedSince>0</failedSince>
        </case>
        <case>
          <duration>0.099</duration>
          <startTime>-1</startTime>
          <className>org.springframework.samples.petclinic.owner.PetControllerTests</className>
          <testName>testProcessUpdateFormSuccess</testName>
          <skipped>false</skipped>
          <properties/>
          <failedSince>0</failedSince>
        </case>
        <case>
          <duration>1.406</duration>
          <startTime>-1</startTime>
          <className>org.springframework.samples.petclinic.owner.PetControllerTests</className>
          <testName>testInitUpdateForm</testName>
          <skipped>false</skipped>
          <properties/>
          <failedSince>0</failedSince>
        </case>
        <case>
          <duration>0.074</duration>
          <startTime>-1</startTime>
          <className>org.springframework.samples.petclinic.owner.PetControllerTests</className>
          <testName>testInitCreationForm</testName>
          <skipped>false</skipped>
          <properties/>
          <failedSince>0</failedSince>
        </case>
        <case>
          <duration>0.082</duration>
          <startTime>-1</startTime>
          <className>org.springframework.samples.petclinic.owner.PetControllerTests</className>
          <testName>testProcessCreationFormHasErrors</testName>
          <skipped>false</skipped>
          <properties/>
          <failedSince>0</failedSince>
        </case>
        <case>
          <duration>0.07</duration>
          <startTime>-1</startTime>
          <className>org.springframework.samples.petclinic.owner.PetControllerTests</className>
          <testName>testProcessUpdateFormHasErrors</testName>
          <skipped>false</skipped>
          <properties/>
          <failedSince>0</failedSince>
        </case>
      </cases>
    </suite>
    <suite>
      <file>/var/lib/jenkins/workspace/labs_03_petclinik/target/surefire-reports/TEST-org.springframework.samples.petclinic.owner.PetTypeFormatterTests.xml</file>
      <name>org.springframework.samples.petclinic.owner.PetTypeFormatterTests</name>
      <duration>0.083</duration>
      <startTime>-1</startTime>
      <properties/>
      <time>0.083</time>
      <enclosingBlocks/>
      <enclosingBlockNames/>
      <cases>
        <case>
          <duration>0.059</duration>
          <startTime>-1</startTime>
          <className>org.springframework.samples.petclinic.owner.PetTypeFormatterTests</className>
          <testName>shouldThrowParseException</testName>
          <skipped>false</skipped>
          <properties/>
          <failedSince>0</failedSince>
        </case>
        <case>
          <duration>0.009</duration>
          <startTime>-1</startTime>
          <className>org.springframework.samples.petclinic.owner.PetTypeFormatterTests</className>
          <testName>testPrint</testName>
          <skipped>false</skipped>
          <properties/>
          <failedSince>0</failedSince>
        </case>
        <case>
          <duration>0.005</duration>
          <startTime>-1</startTime>
          <className>org.springframework.samples.petclinic.owner.PetTypeFormatterTests</className>
          <testName>shouldParse</testName>
          <skipped>false</skipped>
          <properties/>
          <failedSince>0</failedSince>
        </case>
      </cases>
    </suite>
    <suite>
      <file>/var/lib/jenkins/workspace/labs_03_petclinik/target/surefire-reports/TEST-org.springframework.samples.petclinic.owner.VisitControllerTests.xml</file>
      <name>org.springframework.samples.petclinic.owner.VisitControllerTests</name>
      <duration>1.494</duration>
      <startTime>-1</startTime>
      <properties/>
      <time>1.494</time>
      <enclosingBlocks/>
      <enclosingBlockNames/>
      <cases>
        <case>
          <duration>0.191</duration>
          <startTime>-1</startTime>
          <className>org.springframework.samples.petclinic.owner.VisitControllerTests</className>
          <testName>testProcessNewVisitFormHasErrors</testName>
          <skipped>false</skipped>
          <properties/>
          <failedSince>0</failedSince>
        </case>
        <case>
          <duration>0.018</duration>
          <startTime>-1</startTime>
          <className>org.springframework.samples.petclinic.owner.VisitControllerTests</className>
          <testName>testProcessNewVisitFormSuccess</testName>
          <skipped>false</skipped>
          <properties/>
          <failedSince>0</failedSince>
        </case>
        <case>
          <duration>0.041</duration>
          <startTime>-1</startTime>
          <className>org.springframework.samples.petclinic.owner.VisitControllerTests</className>
          <testName>testInitNewVisitForm</testName>
          <skipped>false</skipped>
          <properties/>
          <failedSince>0</failedSince>
        </case>
      </cases>
    </suite>
    <suite>
      <file>/var/lib/jenkins/workspace/labs_03_petclinik/target/surefire-reports/TEST-org.springframework.samples.petclinic.service.ClinicServiceTests.xml</file>
      <name>org.springframework.samples.petclinic.service.ClinicServiceTests</name>
      <duration>2.664</duration>
      <startTime>-1</startTime>
      <properties/>
      <time>2.664</time>
      <enclosingBlocks/>
      <enclosingBlockNames/>
      <cases>
        <case>
          <duration>0.357</duration>
          <startTime>-1</startTime>
          <className>org.springframework.samples.petclinic.service.ClinicServiceTests</className>
          <testName>shouldFindVets</testName>
          <skipped>false</skipped>
          <properties/>
          <failedSince>0</failedSince>
        </case>
        <case>
          <duration>0.206</duration>
          <startTime>-1</startTime>
          <className>org.springframework.samples.petclinic.service.ClinicServiceTests</className>
          <testName>shouldFindOwnersByLastName</testName>
          <skipped>false</skipped>
          <properties/>
          <failedSince>0</failedSince>
        </case>
        <case>
          <duration>0.206</duration>
          <startTime>-1</startTime>
          <className>org.springframework.samples.petclinic.service.ClinicServiceTests</className>
          <testName>shouldAddNewVisitForPet</testName>
          <skipped>false</skipped>
          <properties/>
          <failedSince>0</failedSince>
        </case>
        <case>
          <duration>0.095</duration>
          <startTime>-1</startTime>
          <className>org.springframework.samples.petclinic.service.ClinicServiceTests</className>
          <testName>shouldUpdateOwner</testName>
          <skipped>false</skipped>
          <properties/>
          <failedSince>0</failedSince>
        </case>
        <case>
          <duration>0.053</duration>
          <startTime>-1</startTime>
          <className>org.springframework.samples.petclinic.service.ClinicServiceTests</className>
          <testName>shouldFindVisitsByPetId</testName>
          <skipped>false</skipped>
          <properties/>
          <failedSince>0</failedSince>
        </case>
        <case>
          <duration>0.076</duration>
          <startTime>-1</startTime>
          <className>org.springframework.samples.petclinic.service.ClinicServiceTests</className>
          <testName>shouldInsertPetIntoDatabaseAndGenerateId</testName>
          <skipped>false</skipped>
          <properties/>
          <failedSince>0</failedSince>
        </case>
        <case>
          <duration>0.065</duration>
          <startTime>-1</startTime>
          <className>org.springframework.samples.petclinic.service.ClinicServiceTests</className>
          <testName>shouldInsertOwner</testName>
          <skipped>false</skipped>
          <properties/>
          <failedSince>0</failedSince>
        </case>
        <case>
          <duration>0.055</duration>
          <startTime>-1</startTime>
          <className>org.springframework.samples.petclinic.service.ClinicServiceTests</className>
          <testName>shouldFindSingleOwnerWithPet</testName>
          <skipped>false</skipped>
          <properties/>
          <failedSince>0</failedSince>
        </case>
        <case>
          <duration>0.035</duration>
          <startTime>-1</startTime>
          <className>org.springframework.samples.petclinic.service.ClinicServiceTests</className>
          <testName>shouldUpdatePetName</testName>
          <skipped>false</skipped>
          <properties/>
          <failedSince>0</failedSince>
        </case>
        <case>
          <duration>0.045</duration>
          <startTime>-1</startTime>
          <className>org.springframework.samples.petclinic.service.ClinicServiceTests</className>
          <testName>shouldFindAllPetTypes</testName>
          <skipped>false</skipped>
          <properties/>
          <failedSince>0</failedSince>
        </case>
        <case>
          <duration>0.029</duration>
          <startTime>-1</startTime>
          <className>org.springframework.samples.petclinic.service.ClinicServiceTests</className>
          <testName>shouldFindPetWithCorrectId</testName>
          <skipped>false</skipped>
          <properties/>
          <failedSince>0</failedSince>
        </case>
      </cases>
    </suite>
    <suite>
      <file>/var/lib/jenkins/workspace/labs_03_petclinik/target/surefire-reports/TEST-org.springframework.samples.petclinic.system.CrashControllerTests.xml</file>
      <name>org.springframework.samples.petclinic.system.CrashControllerTests</name>
      <duration>0.003</duration>
      <startTime>-1</startTime>
      <properties/>
      <time>0.003</time>
      <enclosingBlocks/>
      <enclosingBlockNames/>
      <cases>
        <case>
          <duration>0.0</duration>
          <startTime>-1</startTime>
          <className>org.springframework.samples.petclinic.system.CrashControllerTests</className>
          <testName>org.springframework.samples.petclinic.system.CrashControllerTests</testName>
          <skipped>true</skipped>
          <skippedMessage>class org.springframework.samples.petclinic.system.CrashControllerTests is @Disabled</skippedMessage>
          <properties/>
          <failedSince>0</failedSince>
        </case>
      </cases>
    </suite>
    <suite>
      <file>/var/lib/jenkins/workspace/labs_03_petclinik/target/surefire-reports/TEST-org.springframework.samples.petclinic.vet.VetControllerTests.xml</file>
      <name>org.springframework.samples.petclinic.vet.VetControllerTests</name>
      <duration>1.763</duration>
      <startTime>-1</startTime>
      <properties/>
      <time>1.763</time>
      <enclosingBlocks/>
      <enclosingBlockNames/>
      <cases>
        <case>
          <duration>0.1</duration>
          <startTime>-1</startTime>
          <className>org.springframework.samples.petclinic.vet.VetControllerTests</className>
          <testName>testShowVetListHtml</testName>
          <skipped>false</skipped>
          <properties/>
          <failedSince>0</failedSince>
        </case>
        <case>
          <duration>0.201</duration>
          <startTime>-1</startTime>
          <className>org.springframework.samples.petclinic.vet.VetControllerTests</className>
          <testName>testShowResourcesVetList</testName>
          <skipped>false</skipped>
          <properties/>
          <failedSince>0</failedSince>
        </case>
      </cases>
    </suite>
    <suite>
      <file>/var/lib/jenkins/workspace/labs_03_petclinik/target/surefire-reports/TEST-org.springframework.samples.petclinic.vet.VetTests.xml</file>
      <name>org.springframework.samples.petclinic.vet.VetTests</name>
      <duration>0.013</duration>
      <startTime>-1</startTime>
      <properties/>
      <time>0.013</time>
      <enclosingBlocks/>
      <enclosingBlockNames/>
      <cases>
        <case>
          <duration>0.01</duration>
          <startTime>-1</startTime>
          <className>org.springframework.samples.petclinic.vet.VetTests</className>
          <testName>testSerialization</testName>
          <skipped>false</skipped>
          <properties/>
          <failedSince>0</failedSince>
        </case>
      </cases>
    </suite>
  </suites>
  <duration>34.951</duration>
  <skipOldReports>false</skipOldReports>
  <startTime>-1</startTime>
  <stdioRetention>NONE</stdioRetention>
  <keepProperties>false</keepProperties>
</result>